#
# There is insufficient memory for the Java Runtime Environment to continue.
# Native memory allocation (malloc) failed to allocate 881216 bytes. Error detail: Chunk::new
# Possible reasons:
#   The system is out of physical RAM or swap space
#   This process is running with CompressedOops enabled, and the Java Heap may be blocking the growth of the native heap
# Possible solutions:
#   Reduce memory load on the system
#   Increase physical memory or swap space
#   Check if swap backing store is full
#   Decrease Java heap size (-Xmx/-Xms)
#   Decrease number of Java threads
#   Decrease Java thread stack sizes (-Xss)
#   Set larger code cache with -XX:ReservedCodeCacheSize=
#   JVM is running with Unscaled Compressed Oops mode in which the Java heap is
#     placed in the first 4GB address space. The Java Heap base address is the
#     maximum limit for the native heap growth. Please use -XX:HeapBaseMinAddress
#     to set the Java Heap base and to place the Java Heap above 4GB virtual address.
# This output file may be truncated or incomplete.
#
#  Out of Memory Error (arena.cpp:191), pid=10764, tid=16860
#
# JRE version: OpenJDK Runtime Environment Temurin-17.0.11+9 (17.0.11+9) (build 17.0.11+9)
# Java VM: OpenJDK 64-Bit Server VM Temurin-17.0.11+9 (17.0.11+9, mixed mode, tiered, compressed oops, compressed class ptrs, parallel gc, windows-amd64)
# No core dump will be written. Minidumps are not enabled by default on client versions of Windows
#

---------------  S U M M A R Y ------------

Command Line: --add-modules=ALL-SYSTEM --add-opens=java.base/java.util=ALL-UNNAMED --add-opens=java.base/java.lang=ALL-UNNAMED --add-opens=java.base/sun.nio.fs=ALL-UNNAMED -Declipse.application=org.eclipse.jdt.ls.core.id1 -Dosgi.bundles.defaultStartLevel=4 -Declipse.product=org.eclipse.jdt.ls.core.product -Djava.import.generatesMetadataFilesAtProjectRoot=false -DDetectVMInstallationsJob.disabled=true -Dfile.encoding=utf8 -XX:+UseParallelGC -XX:GCTimeRatio=4 -XX:AdaptiveSizePolicyWeight=90 -Dsun.zip.disableMemoryMapping=true -Xmx1G -Xms100m -Xlog:disable -javaagent:c:\Users\f.legac\.vscode\extensions\redhat.java-1.32.0-win32-x64\lombok\lombok-1.18.33.jar c:\Users\f.legac\.vscode\extensions\redhat.java-1.32.0-win32-x64\server\plugins\org.eclipse.equinox.launcher_1.6.900.v20240613-2009.jar -configuration c:\Users\f.legac\AppData\Roaming\Code\User\globalStorage\redhat.java\1.32.0\config_ss_win -data c:\Users\f.legac\AppData\Roaming\Code\User\workspaceStorage\45438acd4d814352896f5905068bdac3\redhat.java\ss_ws --pipe=\\.\pipe\lsp-d1565e0a461828591ec87570db64a35f-sock

Host: 12th Gen Intel(R) Core(TM) i7-1255U, 12 cores, 15G,  Windows 11 , 64 bit Build 22621 (10.0.22621.3235)
Time: Fri Jul 12 17:45:14 2024 Paris, Madrid (heure duild 22621 (10.0.22621.3235) elapsed time: 1.346373 seconds (0d 0h 0m 1s)

---------------  T H R E A D  ---------------

Current thread (0x000001c7e94e5cf0):  JavaThread "C2 CompilerThread1" daemon [_thread_in_native, id=16860, stack(0x000000386ee00000,0x000000386ef00000)]


Current CompileTask:
C2:   1346 2281       4       org.lombokweb.asm.ClassReader::readMethod (1066 bytes)

Stack: [0x000000386ee00000,0x000000386ef00000]
Native frames: (J=compiled Java code, j=interpreted, Vv=VM code, C=native code)
V  [jvm.dll+0x67d429]
V  [jvm.dll+0x834b7a]
V  [jvm.dll+0x83663e]
V  [jvm.dll+0x836ca3]
V  [jvm.dll+0x247dbf]
V  [jvm.dll+0xac534]
V  [jvm.dll+0xacb7c]
V  [jvm.dll+0x2af2cf]
V  [jvm.dll+0x5848b7]
V  [jvm.dll+0x222d82]
V  [jvm.dll+0x22317f]
V  [jvm.dll+0x21c2a0]
V  [jvm.dll+0x2197a1]
V  [jvm.dll+0x1a534d]
V  [jvm.dll+0x2295cd]
V  [jvm.dll+0x22779c]
V  [jvm.dll+0x7e9d07]
V  [jvm.dll+0x7e410a]
V  [jvm.dll+0x67c315]
C  [ucrtbase.dll+0x29363]
C  [KERNEL32.DLL+0x1257d]
C  [ntdll.dll+0x5aa58]


---------------  P R O C E S S  ---------------

Threads class SMR info:
_java_thread_list=0x000001c7eb907e10, length=23, elements={
0x000001c7d03f6ed0, 0x000001c7d047cfa0, 0x000001c7e4273dc0, 0x000001c7e427df90,
0x000001c7e427e860, 0x000001c7e93dfc10, 0x000001c7e93e2ed0, 0x000001c7e93ea840,
0x000001c7e93ec140, 0x000001c7e93ee9e0, 0x000001c7d045aa50, 0x000001c7e94e5cf0,
0x000001c7e96fa2d0, 0x000001c7e9655930, 0x000001c7eb0bcd50, 0x000001c7ead7b0a0,
0x000001c7eb1f9340, 0x000001c7eb68ec70, 0x000001c7eb7e89b0, 0x000001c7eb740e00,
0x000001c7eb73f9c0, 0x000001c7eb73fed0, 0x000001c7eb73f4b0
}

Java Threads: ( => current thread )
  0x000001c7d03f6ed0 JavaThread "main" [_thread_blocked, id=9344, stack(0x000000386e100000,0x000000386e200000)]
  0x000001c7d047cfa0 JavaThread "Reference Handler" daemon [_thread_blocked, id=26800, stack(0x000000386e400000,0x000000386e500000)]
  0x000001c7e4273dc0 JavaThread "Finalizer" daemon [_thread_blocked, id=252, stack(0x000000386e500000,0x000000386e600000)]
  0x000001c7e427df90 JavaThread "Signal Dispatcher" daemon [_thread_blocked, id=22120, stack(0x000000386e600000,0x000000386e700000)]
  0x000001c7e427e860 JavaThread "Attach Listener" daemon [_thread_blocked, id=21072, stack(0x000000386e700000,0x000000386e800000)]
  0x000001c7e93dfc10 JavaThread "Service Thread" daemon [_thread_blocked, id=16124, stack(0x000000386e800000,0x000000386e900000)]
  0x000001c7e93e2ed0 JavaThread "Monitor Deflation Thread" daemon [_thread_blocked, id=25316, stack(0x000000386e900000,0x000000386ea00000)]
  0x000001c7e93ea840 JavaThread "C2 CompilerThread0" daemon [_thread_blocked, id=21516, stack(0x000000386ea00000,0x000000386eb00000)]
  0x000001c7e93ec140 JavaThread "C1 CompilerThread0" daemon [_thread_blocked, id=27700, stack(0x000000386eb00000,0x000000386ec00000)]
  0x000001c7e93ee9e0 JavaThread "Sweeper thread" daemon [_thread_blocked, id=24444, stack(0x000000386ec00000,0x000000386ed00000)]
  0x000001c7d045aa50 JavaThread "Common-Cleaner" daemon [_thread_blocked, id=22080, stack(0x000000386ed00000,0x000000386ee00000)]
=>0x000001c7e94e5cf0 JavaThread "C2 CompilerThread1" daemon [_thread_in_native, id=16860, stack(0x000000386ee00000,0x000000386ef00000)]
  0x000001c7e96fa2d0 JavaThread "Notification Thread" daemon [_thread_blocked, id=28164, stack(0x000000386ef00000,0x000000386f000000)]
  0x000001c7e9655930 JavaThread "C2 CompilerThread2" daemon [_thread_in_native, id=17968, stack(0x000000386f100000,0x000000386f200000)]
  0x000001c7eb0bcd50 JavaThread "Active Thread: Equinox Container: ecb47462-9814-4211-8e93-866abf23cf93" [_thread_blocked, id=7500, stack(0x000000386f800000,0x000000386f900000)]
  0x000001c7ead7b0a0 JavaThread "Framework Event Dispatcher: Equinox Container: ecb47462-9814-4211-8e93-866abf23cf93" daemon [_thread_blocked, id=14448, stack(0x000000386f900000,0x000000386fa00000)]
  0x000001c7eb1f9340 JavaThread "Start Level: Equinox Container: ecb47462-9814-4211-8e93-866abf23cf93" daemon [_thread_in_vm, id=17056, stack(0x000000386fa00000,0x000000386fb00000)]
  0x000001c7eb68ec70 JavaThread "SCR Component Actor" daemon [_thread_blocked, id=27120, stack(0x000000386fb00000,0x000000386fc00000)]
  0x000001c7eb7e89b0 JavaThread "SCR Component Registry" daemon [_thread_blocked, id=23016, stack(0x000000386fd00000,0x000000386fe00000)]
  0x000001c7eb740e00 JavaThread "Worker-JM" [_thread_blocked, id=20128, stack(0x000000386fe00000,0x000000386ff00000)]
  0x000001c7eb73f9c0 JavaThread "Worker-0" [_thread_blocked, id=22596, stack(0x0000003870100000,0x0000003870200000)]
  0x000001c7eb73fed0 JavaThread "Worker-1" [_thread_blocked, id=26432, stack(0x0000003870200000,0x0000003870300000)]
  0x000001c7eb73f4b0 JavaThread "Worker-2" [_thread_blocked, id=3292, stack(0x0000003870300000,0x0000003870400000)]

Other Threads:
  0x000001c7d049ebf0 VMThread "VM Thread" [stack: 0x000000386e300000,0x000000386e400000] [id=23556]
  0x000001c7e96bbfc0 WatcherThread [stack: 0x000000386f000000,0x000000386f100000] [id=9792]
  0x000001c7d040daf0 GCTaskThread "GC Thread#0" [stack: 0x000000386e200000,0x000000386e300000] [id=23468]
  0x000001c7eaf8dcd0 GCTaskThread "GC Thread#1" [stack: 0x000000386f200000,0x000000386f300000] [id=15832]
  0x000001c7eaf8df90 GCTaskThread "GC Thread#2" [stack: 0x000000386f300000,0x000000386f400000] [id=3460]
  0x000001c7eaf8e250 GCTaskThread "GC Thread#3" [stack: 0x000000386f400000,0x000000386f500000] [id=18728]
  0x000001c7eb397460 GCTaskThread "GC Thread#4" [stack: 0x000000386f500000,0x000000386f600000] [id=24652]
  0x000001c7eb397720 GCTaskThread "GC Thread#5" [stack: 0x000000386f600000,0x000000386f700000] [id=17940]
  0x000001c7eb3979e0 GCTaskThread "GC Thread#6" [stack: 0x000000386f700000,0x000000386f800000] [id=21792]
  0x000001c7eb557e80 GCTaskThread "GC Thread#7" [stack: 0x000000386fc00000,0x000000386fd00000] [id=6168]
  0x000001c7eb98ee20 GCTaskThread "GC Thread#8" [stack: 0x000000386ff00000,0x0000003870000000] [id=13528]
  0x000001c7eb98f0e0 GCTaskThread "GC Thread#9" [stack: 0x0000003870000000,0x0000003870100000] [id=26352]

Threads with active compile tasks:
C2 CompilerThread1     1443 2281       4       org.lombokweb.asm.ClassReader::readMethod (1066 bytes)
C2 CompilerThread2     1443 2322       4       lombok.patcher.PatchScript$MethodPatcher::visitMethod (158 bytes)

VM state: not at safepoint (normal execution)

VM Mutex/Monitor currently owned by a thread:  ([mutex/lock_event])
[0x000001c7d03f16e0] Metaspace_lock - owner thread: 0x000001c7eb1f9340

Heap address: 0x00000000c0000000, size: 1024 MB, Compressed Oops mode: 32-bit

CDS archive(s) not mapped
Compressed class space mapped at: 0x0000000100000000-0x0000000140000000, reserved size: 1073741824
Narrow klass base: 0x0000000000000000, Narrow klass shift: 3, Narrow klass range: 0x140000000

GC Precious Log:
 CPUs: 12 total, 12 available
 Memory: 16068M
 Large Page Support: Disabled
 NUMA Support: Disabled
 Compressed Oops: Enabled (32-bit)
 Alignments: Space 512K, Generation 512K, Heap 2M
 Heap Min Capacity: 100M
 Heap Initial Capacity: 100M
 Heap Max Capacity: 1G
 Pre-touch: Disabled
 Parallel Workers: 10

Heap:
 PSYoungGen      total 26112K, used 14996K [0x00000000eab00000, 0x00000000ec880000, 0x0000000100000000)
  eden space 25088K, 56% used [0x00000000eab00000,0x00000000eb8dac90,0x00000000ec380000)
  from space 1024K, 79% used [0x00000000ec400000,0x00000000ec4ca500,0x00000000ec500000)
  to   space 2560K, 0% used [0x00000000ec600000,0x00000000ec600000,0x00000000ec880000)
 ParOldGen       total 68608K, used 6897K [0x00000000c0000000, 0x00000000c4300000, 0x00000000eab00000)
  object space 68608K, 10% used [0x00000000c0000000,0x00000000c06bc468,0x00000000c4300000)
 Metaspace       used 26295K, committed 26752K, reserved 1114112K
  class space    used 2568K, committed 2752K, reserved 1048576K

Card table byte_map: [0x000001c7cfd80000,0x000001c7cff90000] _byte_map_base: 0x000001c7cf780000

Marking Bits: (ParMarkBitMap*) 0x00007ffc7cfad820
 Begin Bits: [0x000001c7e2080000, 0x000001c7e3080000)
 End Bits:   [0x000001c7e3080000, 0x000001c7e4080000)

Polling page: 0x000001c7ce330000

Metaspace:

Usage:
  Non-class:     23.17 MB used.
      Class:      2.51 MB used.
       Both:     25.68 MB used.

Virtual space:
  Non-class space:       64.00 MB reserved,      23.44 MB ( 37%) committed,  1 nodes.
      Class space:        1.00 GB reserved,       2.69 MB ( <1%) committed,  1 nodes.
             Both:        1.06 GB reserved,      26.12 MB (  2%) committed. 

Chunk freelists:
   Non-Class:  7.80 MB
       Class:  13.36 MB
        Both:  21.15 MB

MaxMetaspaceSize: unlimited
CompressedClassSpaceSize: 1.00 GB
Initial GC threshold: 21.00 MB
Current GC threshold: 35.00 MB
CDS: off
MetaspaceReclaimPolicy: balanced
 - commit_granule_bytes: 65536.
 - commit_granule_words: 8192.
 - virtual_space_node_default_size: 8388608.
 - enlarge_chunks_in_place: 1.
 - new_chunks_are_fully_committed: 0.
 - uncommit_free_chunks: 1.
 - use_allocation_guard: 0.
 - handle_deallocations: 1.


Internal statistics:

num_allocs_failed_limit: 3.
num_arena_births: 274.
num_arena_deaths: 14.
num_vsnodes_births: 2.
num_vsnodes_deaths: 0.
num_space_committed: 418.
num_space_uncommitted: 0.
num_chunks_returned_to_freelist: 17.
num_chunks_taken_from_freelist: 958.
num_chunk_merges: 6.
num_chunk_splits: 631.
num_chunks_enlarged: 443.
num_inconsistent_stats: 0.

CodeHeap 'non-profiled nmethods': size=120000Kb used=1003Kb max_used=1003Kb free=118996Kb
 bounds [0x000001c7dab50000, 0x000001c7dadc0000, 0x000001c7e2080000]
CodeHeap 'profiled nmethods': size=120000Kb used=4491Kb max_used=4491Kb free=115508Kb
 bounds [0x000001c7d3080000, 0x000001c7d34f0000, 0x000001c7da5b0000]
CodeHeap 'non-nmethods': size=5760Kb used=1229Kb max_used=1250Kb free=4530Kb
 bounds [0x000001c7da5b0000, 0x000001c7da820000, 0x000001c7dab50000]
 total_blobs=2863 nmethods=2325 adapters=452
 compilation: enabled
              stopped_count=0, restarted_count=0
 full_count=0

Compilation events (20 events):
Event: 1.314 Thread 0x000001c7e93ec140 nmethod 2307 0x000001c7d34d3f90 code [0x000001c7d34d4140, 0x000001c7d34d4308]
Event: 1.315 Thread 0x000001c7e9655930 nmethod 2300 0x000001c7dac41290 code [0x000001c7dac41420, 0x000001c7dac41798]
Event: 1.319 Thread 0x000001c7e9655930 2308       4       java.util.zip.Inflater::ensureOpen (47 bytes)
Event: 1.319 Thread 0x000001c7e9655930 nmethod 2308 0x000001c7dac41b10 code [0x000001c7dac41c80, 0x000001c7dac41d38]
Event: 1.321 Thread 0x000001c7e9655930 2309       4       java.util.concurrent.locks.AbstractQueuedSynchronizer::signalNext (34 bytes)
Event: 1.322 Thread 0x000001c7e9655930 nmethod 2309 0x000001c7dac41e10 code [0x000001c7dac41fa0, 0x000001c7dac42078]
Event: 1.332 Thread 0x000001c7e9655930 2310       4       java.lang.Integer::formatUnsignedInt (40 bytes)
Event: 1.335 Thread 0x000001c7e93ec140 2311 %     3       org.lombokweb.asm.SymbolTable::<init> @ 98 (536 bytes)
Event: 1.335 Thread 0x000001c7e9655930 nmethod 2310 0x000001c7dac42190 code [0x000001c7dac42320, 0x000001c7dac42558]
Event: 1.337 Thread 0x000001c7e93ec140 nmethod 2311% 0x000001c7d34d4410 code [0x000001c7d34d49c0, 0x000001c7d34d75c8]
Event: 1.337 Thread 0x000001c7e93ec140 2316       3       org.lombokweb.asm.MethodWriter::visitLabel (332 bytes)
Event: 1.337 Thread 0x000001c7e93ec140 nmethod 2316 0x000001c7d34d8790 code [0x000001c7d34d89c0, 0x000001c7d34d9318]
Event: 1.337 Thread 0x000001c7e93ec140 2314       3       org.lombokweb.asm.ByteVector::put11 (52 bytes)
Event: 1.338 Thread 0x000001c7e93ec140 nmethod 2314 0x000001c7d34d9590 code [0x000001c7d34d9740, 0x000001c7d34d9948]
Event: 1.338 Thread 0x000001c7e93ec140 2315       3       org.lombokweb.asm.MethodVisitor::visitLineNumber (17 bytes)
Event: 1.338 Thread 0x000001c7e93ec140 nmethod 2315 0x000001c7d34d9a90 code [0x000001c7d34d9c40, 0x000001c7d34d9e48]
Event: 1.338 Thread 0x000001c7e93ec140 2312       1       lombok.patcher.MethodLogistics::getReturnOpcode (5 bytes)
Event: 1.338 Thread 0x000001c7e93ec140 nmethod 2312 0x000001c7dac42690 code [0x000001c7dac42820, 0x000001c7dac428f8]
Event: 1.338 Thread 0x000001c7e93ec140 2313       3       java.util.ArrayList$SubList::toArray (79 bytes)
Event: 1.338 Thread 0x000001c7e93ec140 nmethod 2313 0x000001c7d34d9f10 code [0x000001c7d34da100, 0x000001c7d34da788]

GC Heap History (12 events):
Event: 0.499 GC heap before
{Heap before GC invocations=1 (full 0):
 PSYoungGen      total 29696K, used 25600K [0x00000000eab00000, 0x00000000ecc00000, 0x0000000100000000)
  eden space 25600K, 100% used [0x00000000eab00000,0x00000000ec400000,0x00000000ec400000)
  from space 4096K, 0% used [0x00000000ec800000,0x00000000ec800000,0x00000000ecc00000)
  to   space 4096K, 0% used [0x00000000ec400000,0x00000000ec400000,0x00000000ec800000)
 ParOldGen       total 68608K, used 0K [0x00000000c0000000, 0x00000000c4300000, 0x00000000eab00000)
  object space 68608K, 0% used [0x00000000c0000000,0x00000000c0000000,0x00000000c4300000)
 Metaspace       used 10943K, committed 11136K, reserved 1114112K
  class space    used 1089K, committed 1216K, reserved 1048576K
}
Event: 0.503 GC heap after
{Heap after GC invocations=1 (full 0):
 PSYoungGen      total 29696K, used 3156K [0x00000000eab00000, 0x00000000ecc00000, 0x0000000100000000)
  eden space 25600K, 0% used [0x00000000eab00000,0x00000000eab00000,0x00000000ec400000)
  from space 4096K, 77% used [0x00000000ec400000,0x00000000ec715268,0x00000000ec800000)
  to   space 4096K, 0% used [0x00000000ec800000,0x00000000ec800000,0x00000000ecc00000)
 ParOldGen       total 68608K, used 16K [0x00000000c0000000, 0x00000000c4300000, 0x00000000eab00000)
  object space 68608K, 0% used [0x00000000c0000000,0x00000000c0004000,0x00000000c4300000)
 Metaspace       used 10943K, committed 11136K, reserved 1114112K
  class space    used 1089K, committed 1216K, reserved 1048576K
}
Event: 0.825 GC heap before
{Heap before GC invocations=2 (full 0):
 PSYoungGen      total 29696K, used 28756K [0x00000000eab00000, 0x00000000ecc00000, 0x0000000100000000)
  eden space 25600K, 100% used [0x00000000eab00000,0x00000000ec400000,0x00000000ec400000)
  from space 4096K, 77% used [0x00000000ec400000,0x00000000ec715268,0x00000000ec800000)
  to   space 4096K, 0% used [0x00000000ec800000,0x00000000ec800000,0x00000000ecc00000)
 ParOldGen       total 68608K, used 16K [0x00000000c0000000, 0x00000000c4300000, 0x00000000eab00000)
  object space 68608K, 0% used [0x00000000c0000000,0x00000000c0004000,0x00000000c4300000)
 Metaspace       used 14586K, committed 14720K, reserved 1114112K
  class space    used 1478K, committed 1536K, reserved 1048576K
}
Event: 0.828 GC heap after
{Heap after GC invocations=2 (full 0):
 PSYoungGen      total 29696K, used 4089K [0x00000000eab00000, 0x00000000ecc00000, 0x0000000100000000)
  eden space 25600K, 0% used [0x00000000eab00000,0x00000000eab00000,0x00000000ec400000)
  from space 4096K, 99% used [0x00000000ec800000,0x00000000ecbfe708,0x00000000ecc00000)
  to   space 4096K, 0% used [0x00000000ec400000,0x00000000ec400000,0x00000000ec800000)
 ParOldGen       total 68608K, used 742K [0x00000000c0000000, 0x00000000c4300000, 0x00000000eab00000)
  object space 68608K, 1% used [0x00000000c0000000,0x00000000c00b9b60,0x00000000c4300000)
 Metaspace       used 14586K, committed 14720K, reserved 1114112K
  class space    used 1478K, committed 1536K, reserved 1048576K
}
Event: 1.076 GC heap before
{Heap before GC invocations=3 (full 0):
 PSYoungGen      total 29696K, used 29689K [0x00000000eab00000, 0x00000000ecc00000, 0x0000000100000000)
  eden space 25600K, 100% used [0x00000000eab00000,0x00000000ec400000,0x00000000ec400000)
  from space 4096K, 99% used [0x00000000ec800000,0x00000000ecbfe708,0x00000000ecc00000)
  to   space 4096K, 0% used [0x00000000ec400000,0x00000000ec400000,0x00000000ec800000)
 ParOldGen       total 68608K, used 742K [0x00000000c0000000, 0x00000000c4300000, 0x00000000eab00000)
  object space 68608K, 1% used [0x00000000c0000000,0x00000000c00b9b60,0x00000000c4300000)
 Metaspace       used 19705K, committed 20096K, reserved 1114112K
  class space    used 2015K, committed 2176K, reserved 1048576K
}
Event: 1.080 GC heap after
{Heap after GC invocations=3 (full 0):
 PSYoungGen      total 29696K, used 4067K [0x00000000eab00000, 0x00000000ecc00000, 0x0000000100000000)
  eden space 25600K, 0% used [0x00000000eab00000,0x00000000eab00000,0x00000000ec400000)
  from space 4096K, 99% used [0x00000000ec400000,0x00000000ec7f8f48,0x00000000ec800000)
  to   space 4096K, 0% used [0x00000000ec800000,0x00000000ec800000,0x00000000ecc00000)
 ParOldGen       total 68608K, used 2489K [0x00000000c0000000, 0x00000000c4300000, 0x00000000eab00000)
  object space 68608K, 3% used [0x00000000c0000000,0x00000000c026e710,0x00000000c4300000)
 Metaspace       used 19705K, committed 20096K, reserved 1114112K
  class space    used 2015K, committed 2176K, reserved 1048576K
}
Event: 1.145 GC heap before
{Heap before GC invocations=4 (full 0):
 PSYoungGen      total 29696K, used 11813K [0x00000000eab00000, 0x00000000ecc00000, 0x0000000100000000)
  eden space 25600K, 30% used [0x00000000eab00000,0x00000000eb290590,0x00000000ec400000)
  from space 4096K, 99% used [0x00000000ec400000,0x00000000ec7f8f48,0x00000000ec800000)
  to   space 4096K, 0% used [0x00000000ec800000,0x00000000ec800000,0x00000000ecc00000)
 ParOldGen       total 68608K, used 2489K [0x00000000c0000000, 0x00000000c4300000, 0x00000000eab00000)
  object space 68608K, 3% used [0x00000000c0000000,0x00000000c026e710,0x00000000c4300000)
 Metaspace       used 21116K, committed 21504K, reserved 1114112K
  class space    used 2172K, committed 2304K, reserved 1048576K
}
Event: 1.147 GC heap after
{Heap after GC invocations=4 (full 0):
 PSYoungGen      total 29696K, used 4089K [0x00000000eab00000, 0x00000000ecc00000, 0x0000000100000000)
  eden space 25600K, 0% used [0x00000000eab00000,0x00000000eab00000,0x00000000ec400000)
  from space 4096K, 99% used [0x00000000ec800000,0x00000000ecbfe728,0x00000000ecc00000)
  to   space 4096K, 0% used [0x00000000ec400000,0x00000000ec400000,0x00000000ec800000)
 ParOldGen       total 68608K, used 2979K [0x00000000c0000000, 0x00000000c4300000, 0x00000000eab00000)
  object space 68608K, 4% used [0x00000000c0000000,0x00000000c02e8e48,0x00000000c4300000)
 Metaspace       used 21116K, committed 21504K, reserved 1114112K
  class space    used 2172K, committed 2304K, reserved 1048576K
}
Event: 1.147 GC heap before
{Heap before GC invocations=5 (full 1):
 PSYoungGen      total 29696K, used 4089K [0x00000000eab00000, 0x00000000ecc00000, 0x0000000100000000)
  eden space 25600K, 0% used [0x00000000eab00000,0x00000000eab00000,0x00000000ec400000)
  from space 4096K, 99% used [0x00000000ec800000,0x00000000ecbfe728,0x00000000ecc00000)
  to   space 4096K, 0% used [0x00000000ec400000,0x00000000ec400000,0x00000000ec800000)
 ParOldGen       total 68608K, used 2979K [0x00000000c0000000, 0x00000000c4300000, 0x00000000eab00000)
  object space 68608K, 4% used [0x00000000c0000000,0x00000000c02e8e48,0x00000000c4300000)
 Metaspace       used 21116K, committed 21504K, reserved 1114112K
  class space    used 2172K, committed 2304K, reserved 1048576K
}
Event: 1.159 GC heap after
{Heap after GC invocations=5 (full 1):
 PSYoungGen      total 29696K, used 0K [0x00000000eab00000, 0x00000000ecc00000, 0x0000000100000000)
  eden space 25600K, 0% used [0x00000000eab00000,0x00000000eab00000,0x00000000ec400000)
  from space 4096K, 0% used [0x00000000ec800000,0x00000000ec800000,0x00000000ecc00000)
  to   space 4096K, 0% used [0x00000000ec400000,0x00000000ec400000,0x00000000ec800000)
 ParOldGen       total 68608K, used 6889K [0x00000000c0000000, 0x00000000c4300000, 0x00000000eab00000)
  object space 68608K, 10% used [0x00000000c0000000,0x00000000c06ba468,0x00000000c4300000)
 Metaspace       used 21103K, committed 21504K, reserved 1114112K
  class space    used 2169K, committed 2304K, reserved 1048576K
}
Event: 1.275 GC heap before
{Heap before GC invocations=6 (full 1):
 PSYoungGen      total 29696K, used 25600K [0x00000000eab00000, 0x00000000ecc00000, 0x0000000100000000)
  eden space 25600K, 100% used [0x00000000eab00000,0x00000000ec400000,0x00000000ec400000)
  from space 4096K, 0% used [0x00000000ec800000,0x00000000ec800000,0x00000000ecc00000)
  to   space 4096K, 0% used [0x00000000ec400000,0x00000000ec400000,0x00000000ec800000)
 ParOldGen       total 68608K, used 6889K [0x00000000c0000000, 0x00000000c4300000, 0x00000000eab00000)
  object space 68608K, 10% used [0x00000000c0000000,0x00000000c06ba468,0x00000000c4300000)
 Metaspace       used 24106K, committed 24640K, reserved 1114112K
  class space    used 2373K, committed 2560K, reserved 1048576K
}
Event: 1.277 GC heap after
{Heap after GC invocations=6 (full 1):
 PSYoungGen      total 26112K, used 809K [0x00000000eab00000, 0x00000000ec880000, 0x0000000100000000)
  eden space 25088K, 0% used [0x00000000eab00000,0x00000000eab00000,0x00000000ec380000)
  from space 1024K, 79% used [0x00000000ec400000,0x00000000ec4ca500,0x00000000ec500000)
  to   space 2560K, 0% used [0x00000000ec600000,0x00000000ec600000,0x00000000ec880000)
 ParOldGen       total 68608K, used 6897K [0x00000000c0000000, 0x00000000c4300000, 0x00000000eab00000)
  object space 68608K, 10% used [0x00000000c0000000,0x00000000c06bc468,0x00000000c4300000)
 Metaspace       used 24106K, committed 24640K, reserved 1114112K
  class space    used 2373K, committed 2560K, reserved 1048576K
}

Dll operation events (9 events):
Event: 0.006 Loaded shared library c:\Users\f.legac\.vscode\extensions\redhat.java-1.32.0-win32-x64\jre\17.0.11-win32-x86_64\bin\java.dll
Event: 0.121 Loaded shared library c:\Users\f.legac\.vscode\extensions\redhat.java-1.32.0-win32-x64\jre\17.0.11-win32-x86_64\bin\zip.dll
Event: 0.123 Loaded shared library C:\Users\f.legac\.vscode\extensions\redhat.java-1.32.0-win32-x64\jre\17.0.11-win32-x86_64\bin\instrument.dll
Event: 0.133 Loaded shared library C:\Users\f.legac\.vscode\extensions\redhat.java-1.32.0-win32-x64\jre\17.0.11-win32-x86_64\bin\net.dll
Event: 0.134 Loaded shared library C:\Users\f.legac\.vscode\extensions\redhat.java-1.32.0-win32-x64\jre\17.0.11-win32-x86_64\bin\nio.dll
Event: 0.138 Loaded shared library C:\Users\f.legac\.vscode\extensions\redhat.java-1.32.0-win32-x64\jre\17.0.11-win32-x86_64\bin\zip.dll
Event: 0.150 Loaded shared library C:\Users\f.legac\.vscode\extensions\redhat.java-1.32.0-win32-x64\jre\17.0.11-win32-x86_64\bin\jimage.dll
Event: 0.181 Loaded shared library c:\Users\f.legac\.vscode\extensions\redhat.java-1.32.0-win32-x64\jre\17.0.11-win32-x86_64\bin\verify.dll
Event: 0.762 Loaded shared library C:\Users\f.legac\AppData\Roaming\Code\User\globalStorage\redhat.java\1.32.0\config_ss_win\org.eclipse.equinox.launcher\org.eclipse.equinox.launcher.win32.win32.x86_64_1.2.1100.v20240613-2013\eclipse_11903.dll

Deoptimization events (20 events):
Event: 1.122 Thread 0x000001c7eb1f9340 Uncommon trap: trap_request=0xffffff45 fr.pc=0x000001c7daba1f94 relative=0x0000000000000094
Event: 1.122 Thread 0x000001c7eb1f9340 Uncommon trap: reason=unstable_if action=reinterpret pc=0x000001c7daba1f94 method=jdk.internal.misc.Unsafe.getLongUnaligned(Ljava/lang/Object;J)J @ 7 c2
Event: 1.122 Thread 0x000001c7eb1f9340 DEOPT PACKING pc=0x000001c7daba1f94 sp=0x000000386faf7b90
Event: 1.122 Thread 0x000001c7eb1f9340 DEOPT UNPACKING pc=0x000001c7da6066a3 sp=0x000000386faf7b40 mode 2
Event: 1.130 Thread 0x000001c7eb1f9340 Uncommon trap: trap_request=0xffffff45 fr.pc=0x000001c7dab79048 relative=0x0000000000000048
Event: 1.130 Thread 0x000001c7eb1f9340 Uncommon trap: reason=unstable_if action=reinterpret pc=0x000001c7dab79048 method=java.lang.CharacterData.of(I)Ljava/lang/CharacterData; @ 4 c2
Event: 1.130 Thread 0x000001c7eb1f9340 DEOPT PACKING pc=0x000001c7dab79048 sp=0x000000386faf8b90
Event: 1.130 Thread 0x000001c7eb1f9340 DEOPT UNPACKING pc=0x000001c7da6066a3 sp=0x000000386faf8b28 mode 2
Event: 1.206 Thread 0x000001c7eb1f9340 Uncommon trap: trap_request=0xffffff45 fr.pc=0x000001c7dac36bfc relative=0x00000000000007bc
Event: 1.206 Thread 0x000001c7eb1f9340 Uncommon trap: reason=unstable_if action=reinterpret pc=0x000001c7dac36bfc method=org.lombokweb.asm.ClassReader.readUTF8(I[C)Ljava/lang/String; @ 11 c2
Event: 1.206 Thread 0x000001c7eb1f9340 DEOPT PACKING pc=0x000001c7dac36bfc sp=0x000000386faef6c0
Event: 1.206 Thread 0x000001c7eb1f9340 DEOPT UNPACKING pc=0x000001c7da6066a3 sp=0x000000386faef6b8 mode 2
Event: 1.335 Thread 0x000001c7eb1f9340 Uncommon trap: trap_request=0xffffff45 fr.pc=0x000001c7dac3eda8 relative=0x0000000000000128
Event: 1.335 Thread 0x000001c7eb1f9340 Uncommon trap: reason=unstable_if action=reinterpret pc=0x000001c7dac3eda8 method=org.lombokweb.asm.ByteVector.putByteArray([BII)Lorg/lombokweb/asm/ByteVector; @ 20 c2
Event: 1.335 Thread 0x000001c7eb1f9340 DEOPT PACKING pc=0x000001c7dac3eda8 sp=0x000000386faeecf0
Event: 1.335 Thread 0x000001c7eb1f9340 DEOPT UNPACKING pc=0x000001c7da6066a3 sp=0x000000386faeecc0 mode 2
Event: 1.335 Thread 0x000001c7eb1f9340 Uncommon trap: trap_request=0xffffff45 fr.pc=0x000001c7dac3e754 relative=0x0000000000000334
Event: 1.335 Thread 0x000001c7eb1f9340 Uncommon trap: reason=unstable_if action=reinterpret pc=0x000001c7dac3e754 method=org.lombokweb.asm.Label.resolve([BLorg/lombokweb/asm/ByteVector;I)Z @ 81 c2
Event: 1.335 Thread 0x000001c7eb1f9340 DEOPT PACKING pc=0x000001c7dac3e754 sp=0x000000386faeed70
Event: 1.335 Thread 0x000001c7eb1f9340 DEOPT UNPACKING pc=0x000001c7da6066a3 sp=0x000000386faeec78 mode 2

Classes unloaded (7 events):
Event: 1.149 Thread 0x000001c7d049ebf0 Unloading class 0x000000010021a400 'java/lang/invoke/LambdaForm$MH+0x000000010021a400'
Event: 1.149 Thread 0x000001c7d049ebf0 Unloading class 0x000000010021a000 'java/lang/invoke/LambdaForm$MH+0x000000010021a000'
Event: 1.149 Thread 0x000001c7d049ebf0 Unloading class 0x0000000100219c00 'java/lang/invoke/LambdaForm$MH+0x0000000100219c00'
Event: 1.149 Thread 0x000001c7d049ebf0 Unloading class 0x0000000100219800 'java/lang/invoke/LambdaForm$MH+0x0000000100219800'
Event: 1.149 Thread 0x000001c7d049ebf0 Unloading class 0x0000000100219400 'java/lang/invoke/LambdaForm$BMH+0x0000000100219400'
Event: 1.149 Thread 0x000001c7d049ebf0 Unloading class 0x0000000100219000 'java/lang/invoke/LambdaForm$DMH+0x0000000100219000'
Event: 1.149 Thread 0x000001c7d049ebf0 Unloading class 0x0000000100214400 'java/lang/invoke/LambdaForm$DMH+0x0000000100214400'

Classes redefined (0 events):
No events

Internal exceptions (20 events):
Event: 1.038 Thread 0x000001c7eb1f9340 Exception <a 'java/lang/NoSuchMethodError'{0x00000000ec1089d8}: 'int java.lang.invoke.DirectMethodHandle$Holder.invokeSpecial(java.lang.Object, java.lang.Object, java.lang.Object, int)'> (0x00000000ec1089d8) 
thrown [s\src\hotspot\share\interpreter\linkResolver.cpp, line 759]
Event: 1.039 Thread 0x000001c7eb1f9340 Exception <a 'java/lang/NoSuchMethodError'{0x00000000ec123fa8}: 'java.lang.Object java.lang.invoke.DirectMethodHandle$Holder.invokeStatic(java.lang.Object, java.lang.Object, java.lang.Object, java.lang.Object, int)'> (0x00000000ec123fa8) 
thrown [s\src\hotspot\share\interpreter\linkResolver.cpp, line 759]
Event: 1.040 Thread 0x000001c7eb1f9340 Exception <a 'java/lang/NoSuchMethodError'{0x00000000ec12ffa0}: 'java.lang.Object java.lang.invoke.DelegatingMethodHandle$Holder.reinvoke_L(java.lang.Object, java.lang.Object, java.lang.Object, java.lang.Object, int, int)'> (0x00000000ec12ffa0) 
thrown [s\src\hotspot\share\interpreter\linkResolver.cpp, line 759]
Event: 1.041 Thread 0x000001c7eb1f9340 Exception <a 'java/lang/NoSuchMethodError'{0x00000000ec144b00}: 'java.lang.Object java.lang.invoke.Invokers$Holder.invokeExact_MT(java.lang.Object, java.lang.Object, java.lang.Object, java.lang.Object)'> (0x00000000ec144b00) 
thrown [s\src\hotspot\share\interpreter\linkResolver.cpp, line 759]
Event: 1.063 Thread 0x000001c7eb1f9340 Exception <a 'java/io/FileNotFoundException'{0x00000000ec2afbc8}> (0x00000000ec2afbc8) 
thrown [s\src\hotspot\share\prims\jni.cpp, line 516]
Event: 1.064 Thread 0x000001c7eb1f9340 Exception <a 'java/io/FileNotFoundException'{0x00000000ec2b6d70}> (0x00000000ec2b6d70) 
thrown [s\src\hotspot\share\prims\jni.cpp, line 516]
Event: 1.105 Thread 0x000001c7eb1f9340 Exception <a 'java/lang/NoSuchMethodError'{0x00000000ead67ee8}: 'java.lang.Object java.lang.invoke.DirectMethodHandle$Holder.newInvokeSpecial(java.lang.Object, java.lang.Object, java.lang.Object, java.lang.Object, java.lang.Object)'> (0x00000000ead67ee8) 
thrown [s\src\hotspot\share\interpreter\linkResolver.cpp, line 759]
Event: 1.113 Thread 0x000001c7eb1f9340 Exception <a 'java/lang/NoSuchMethodError'{0x00000000eae49e08}: 'java.lang.Object java.lang.invoke.DirectMethodHandle$Holder.invokeSpecial(java.lang.Object, java.lang.Object, java.lang.Object, long, java.lang.Object)'> (0x00000000eae49e08) 
thrown [s\src\hotspot\share\interpreter\linkResolver.cpp, line 759]
Event: 1.113 Thread 0x000001c7eb1f9340 Exception <a 'java/lang/NoSuchMethodError'{0x00000000eae51fc0}: 'java.lang.Object java.lang.invoke.DirectMethodHandle$Holder.newInvokeSpecial(java.lang.Object, java.lang.Object, java.lang.Object, long)'> (0x00000000eae51fc0) 
thrown [s\src\hotspot\share\interpreter\linkResolver.cpp, line 759]
Event: 1.113 Thread 0x000001c7eb1f9340 Exception <a 'java/lang/NoSuchMethodError'{0x00000000eae56560}: 'java.lang.Object java.lang.invoke.DirectMethodHandle$Holder.invokeSpecial(java.lang.Object, java.lang.Object, java.lang.Object, java.lang.Object, long)'> (0x00000000eae56560) 
thrown [s\src\hotspot\share\interpreter\linkResolver.cpp, line 759]
Event: 1.113 Thread 0x000001c7eb1f9340 Exception <a 'java/lang/NoSuchMethodError'{0x00000000eae5a3d8}: 'java.lang.Object java.lang.invoke.Invokers$Holder.linkToTargetMethod(java.lang.Object, java.lang.Object, long, java.lang.Object)'> (0x00000000eae5a3d8) 
thrown [s\src\hotspot\share\interpreter\linkResolver.cpp, line 759]
Event: 1.138 Thread 0x000001c7eb1f9340 Exception <a 'java/lang/IncompatibleClassChangeError'{0x00000000eb115210}: Found class java.lang.Object, but interface was expected> (0x00000000eb115210) 
thrown [s\src\hotspot\share\interpreter\linkResolver.cpp, line 826]
Event: 1.138 Thread 0x000001c7eb1f9340 Exception <a 'java/lang/NoSuchMethodError'{0x00000000eb1190b0}: 'java.lang.Object java.lang.invoke.DirectMethodHandle$Holder.invokeSpecial(java.lang.Object, java.lang.Object, java.lang.Object, int, java.lang.Object, java.lang.Object)'> (0x00000000eb1190b0) 
thrown [s\src\hotspot\share\interpreter\linkResolver.cpp, line 759]
Event: 1.139 Thread 0x000001c7eb1f9340 Exception <a 'java/lang/NoSuchMethodError'{0x00000000eb121838}: 'java.lang.Object java.lang.invoke.DirectMethodHandle$Holder.newInvokeSpecial(java.lang.Object, java.lang.Object, java.lang.Object, int, java.lang.Object)'> (0x00000000eb121838) 
thrown [s\src\hotspot\share\interpreter\linkResolver.cpp, line 759]
Event: 1.139 Thread 0x000001c7eb1f9340 Exception <a 'java/lang/NoSuchMethodError'{0x00000000eb125c90}: 'java.lang.Object java.lang.invoke.DirectMethodHandle$Holder.invokeSpecial(java.lang.Object, java.lang.Object, java.lang.Object, java.lang.Object, int, java.lang.Object)'> (0x00000000eb125c90) 
thrown [s\src\hotspot\share\interpreter\linkResolver.cpp, line 759]
Event: 1.140 Thread 0x000001c7eb73f9c0 Exception <a 'java/lang/NoSuchMethodError'{0x00000000eae80520}: 'java.lang.Object java.lang.invoke.DirectMethodHandle$Holder.invokeSpecial(java.lang.Object, java.lang.Object, int, java.lang.Object, java.lang.Object)'> (0x00000000eae80520) 
thrown [s\src\hotspot\share\interpreter\linkResolver.cpp, line 759]
Event: 1.140 Thread 0x000001c7eb73f9c0 Exception <a 'java/lang/NoSuchMethodError'{0x00000000eae87bf0}: 'java.lang.Object java.lang.invoke.DirectMethodHandle$Holder.newInvokeSpecial(java.lang.Object, java.lang.Object, int, java.lang.Object)'> (0x00000000eae87bf0) 
thrown [s\src\hotspot\share\interpreter\linkResolver.cpp, line 759]
Event: 1.140 Thread 0x000001c7eb73f9c0 Exception <a 'java/lang/NoSuchMethodError'{0x00000000eae8b700}: 'java.lang.Object java.lang.invoke.DirectMethodHandle$Holder.invokeSpecial(java.lang.Object, java.lang.Object, java.lang.Object, int, java.lang.Object)'> (0x00000000eae8b700) 
thrown [s\src\hotspot\share\interpreter\linkResolver.cpp, line 759]
Event: 1.303 Thread 0x000001c7eb1f9340 Exception <a 'java/lang/NoSuchMethodError'{0x00000000eadcc878}: 'int java.lang.invoke.DirectMethodHandle$Holder.invokeStaticInit(java.lang.Object, java.lang.Object, java.lang.Object)'> (0x00000000eadcc878) 
thrown [s\src\hotspot\share\interpreter\linkResolver.cpp, line 759]
Event: 1.335 Thread 0x000001c7eb1f9340 Implicit null exception at 0x000001c7dac3ecc8 to 0x000001c7dac3ed88

VM Operations (20 events):
Event: 0.817 Executing VM operation: HandshakeAllThreads
Event: 0.817 Executing VM operation: HandshakeAllThreads done
Event: 0.825 Executing VM operation: ParallelGCFailedAllocation
Event: 0.829 Executing VM operation: ParallelGCFailedAllocation done
Event: 0.980 Executing VM operation: HandshakeAllThreads
Event: 0.981 Executing VM operation: HandshakeAllThreads done
Event: 1.035 Executing VM operation: HandshakeAllThreads
Event: 1.035 Executing VM operation: HandshakeAllThreads done
Event: 1.076 Executing VM operation: ParallelGCFailedAllocation
Event: 1.080 Executing VM operation: ParallelGCFailedAllocation done
Event: 1.121 Executing VM operation: HandshakeAllThreads
Event: 1.121 Executing VM operation: HandshakeAllThreads done
Event: 1.130 Executing VM operation: HandshakeAllThreads
Event: 1.130 Executing VM operation: HandshakeAllThreads done
Event: 1.145 Executing VM operation: CollectForMetadataAllocation
Event: 1.159 Executing VM operation: CollectForMetadataAllocation done
Event: 1.160 Executing VM operation: HandshakeAllThreads
Event: 1.160 Executing VM operation: HandshakeAllThreads done
Event: 1.275 Executing VM operation: ParallelGCFailedAllocation
Event: 1.277 Executing VM operation: ParallelGCFailedAllocation done

Events (20 events):
Event: 1.187 loading class java/io/StringReader done
Event: 1.187 loading class java/util/zip/GZIPInputStream
Event: 1.187 loading class java/util/zip/GZIPInputStream done
Event: 1.192 loading class java/net/SocketTimeoutException
Event: 1.192 loading class java/io/InterruptedIOException
Event: 1.192 loading class java/io/InterruptedIOException done
Event: 1.192 loading class java/net/SocketTimeoutException done
Event: 1.192 loading class java/net/SocketException
Event: 1.192 loading class java/net/SocketException done
Event: 1.192 loading class java/net/UnknownHostException
Event: 1.192 loading class java/net/UnknownHostException done
Event: 1.192 loading class java/net/ProtocolException
Event: 1.192 loading class java/net/ProtocolException done
Event: 1.200 loading class java/lang/ThreadLocal$SuppliedThreadLocal
Event: 1.200 loading class java/lang/ThreadLocal$SuppliedThreadLocal done
Event: 1.202 loading class java/io/FileWriter
Event: 1.202 loading class java/io/FileWriter done
Event: 1.236 loading class java/lang/NegativeArraySizeException
Event: 1.236 loading class java/lang/NegativeArraySizeException done
Event: 1.309 Thread 0x000001c7eb73f4b0 Thread added: 0x000001c7eb73f4b0


Dynamic libraries:
0x00007ff6da6c0000 - 0x00007ff6da6ce000 	c:\Users\f.legac\.vscode\extensions\redhat.java-1.32.0-win32-x64\jre\17.0.11-win32-x86_64\bin\java.exe
0x00007ffcf8550000 - 0x00007ffcf8766000 	C:\windows\SYSTEM32\ntdll.dll
0x00007ffcf68a0000 - 0x00007ffcf6964000 	C:\windows\System32\KERNEL32.DLL
0x00007ffcf5cb0000 - 0x00007ffcf6056000 	C:\windows\System32\KERNELBASE.dll
0x00007ffcf6180000 - 0x00007ffcf6291000 	C:\windows\System32\ucrtbase.dll
0x00007ffcdeeb0000 - 0x00007ffcdeec7000 	c:\Users\f.legac\.vscode\extensions\redhat.java-1.32.0-win32-x64\jre\17.0.11-win32-x86_64\bin\jli.dll
0x00007ffcdd550000 - 0x00007ffcdd56b000 	c:\Users\f.legac\.vscode\extensions\redhat.java-1.32.0-win32-x64\jre\17.0.11-win32-x86_64\bin\VCRUNTIME140.dll
0x00007ffcf6570000 - 0x00007ffcf671d000 	C:\windows\System32\USER32.dll
0x00007ffcf6060000 - 0x00007ffcf6086000 	C:\windows\System32\win32u.dll
0x00007ffcdd9b0000 - 0x00007ffcddc43000 	C:\windows\WinSxS\amd64_microsoft.windows.common-controls_6595b64144ccf1df_6.0.22621.3235_none_270f74e173860f98\COMCTL32.dll
0x00007ffcf67a0000 - 0x00007ffcf67c9000 	C:\windows\System32\GDI32.dll
0x00007ffcf62b0000 - 0x00007ffcf6357000 	C:\windows\System32\msvcrt.dll
0x00007ffcf5a30000 - 0x00007ffcf5b48000 	C:\windows\System32\gdi32full.dll
0x00007ffcf5b50000 - 0x00007ffcf5bea000 	C:\windows\System32\msvcp_win.dll
0x00007ffcf6530000 - 0x00007ffcf6561000 	C:\windows\System32\IMM32.DLL
0x00007ffcebe00000 - 0x00007ffcebe0c000 	c:\Users\f.legac\.vscode\extensions\redhat.java-1.32.0-win32-x64\jre\17.0.11-win32-x86_64\bin\vcruntime140_1.dll
0x00007ffcd7130000 - 0x00007ffcd71bd000 	c:\Users\f.legac\.vscode\extensions\redhat.java-1.32.0-win32-x64\jre\17.0.11-win32-x86_64\bin\msvcp140.dll
0x00007ffc7c410000 - 0x00007ffc7d072000 	c:\Users\f.legac\.vscode\extensions\redhat.java-1.32.0-win32-x64\jre\17.0.11-win32-x86_64\bin\server\jvm.dll
0x00007ffcf67e0000 - 0x00007ffcf6892000 	C:\windows\System32\ADVAPI32.dll
0x00007ffcf6ad0000 - 0x00007ffcf6b78000 	C:\windows\System32\sechost.dll
0x00007ffcf5a00000 - 0x00007ffcf5a28000 	C:\windows\System32\bcrypt.dll
0x00007ffcf6f20000 - 0x00007ffcf7035000 	C:\windows\System32\RPCRT4.dll
0x00007ffcd7a90000 - 0x00007ffcd7a99000 	C:\windows\SYSTEM32\WSOCK32.dll
0x00007ffcf5760000 - 0x00007ffcf57ad000 	C:\windows\SYSTEM32\POWRPROF.dll
0x00007ffcf63f0000 - 0x00007ffcf6461000 	C:\windows\System32\WS2_32.dll
0x00007ffceee70000 - 0x00007ffceeea4000 	C:\windows\SYSTEM32\WINMM.dll
0x00007ffceb180000 - 0x00007ffceb18a000 	C:\windows\SYSTEM32\VERSION.dll
0x00007ffcf5690000 - 0x00007ffcf56a3000 	C:\windows\SYSTEM32\UMPDC.dll
0x00007ffcf4890000 - 0x00007ffcf48a8000 	C:\windows\SYSTEM32\kernel.appcore.dll
0x00007ffce9070000 - 0x00007ffce907a000 	c:\Users\f.legac\.vscode\extensions\redhat.java-1.32.0-win32-x64\jre\17.0.11-win32-x86_64\bin\jimage.dll
0x00007ffcf2580000 - 0x00007ffcf27b3000 	C:\windows\SYSTEM32\DBGHELP.DLL
0x00007ffcf6b90000 - 0x00007ffcf6f18000 	C:\windows\System32\combase.dll
0x00007ffcf82b0000 - 0x00007ffcf8387000 	C:\windows\System32\OLEAUT32.dll
0x00007ffcd82f0000 - 0x00007ffcd8322000 	C:\windows\SYSTEM32\dbgcore.DLL
0x00007ffcf6100000 - 0x00007ffcf617a000 	C:\windows\System32\bcryptPrimitives.dll
0x00007ffcdd540000 - 0x00007ffcdd54e000 	c:\Users\f.legac\.vscode\extensions\redhat.java-1.32.0-win32-x64\jre\17.0.11-win32-x86_64\bin\instrument.dll
0x00007ffcdbd60000 - 0x00007ffcdbd85000 	c:\Users\f.legac\.vscode\extensions\redhat.java-1.32.0-win32-x64\jre\17.0.11-win32-x86_64\bin\java.dll
0x00007ffcdd170000 - 0x00007ffcdd188000 	c:\Users\f.legac\.vscode\extensions\redhat.java-1.32.0-win32-x64\jre\17.0.11-win32-x86_64\bin\zip.dll
0x00007ffcf7a50000 - 0x00007ffcf82ad000 	C:\windows\System32\SHELL32.dll
0x00007ffcf35c0000 - 0x00007ffcf3eb8000 	C:\windows\SYSTEM32\windows.storage.dll
0x00007ffcf3480000 - 0x00007ffcf35be000 	C:\windows\SYSTEM32\wintypes.dll
0x00007ffcf69d0000 - 0x00007ffcf6ac3000 	C:\windows\System32\SHCORE.dll
0x00007ffcf6740000 - 0x00007ffcf679e000 	C:\windows\System32\shlwapi.dll
0x00007ffcf57c0000 - 0x00007ffcf57e6000 	C:\windows\SYSTEM32\profapi.dll
0x00007ffcdcb70000 - 0x00007ffcdcb89000 	C:\Users\f.legac\.vscode\extensions\redhat.java-1.32.0-win32-x64\jre\17.0.11-win32-x86_64\bin\net.dll
0x00007ffcef870000 - 0x00007ffcef9a7000 	C:\windows\SYSTEM32\WINHTTP.dll
0x00007ffcf4d00000 - 0x00007ffcf4d69000 	C:\windows\system32\mswsock.dll
0x00007ffcdc9f0000 - 0x00007ffcdca06000 	C:\Users\f.legac\.vscode\extensions\redhat.java-1.32.0-win32-x64\jre\17.0.11-win32-x86_64\bin\nio.dll
0x00007ffcdd2f0000 - 0x00007ffcdd300000 	c:\Users\f.legac\.vscode\extensions\redhat.java-1.32.0-win32-x64\jre\17.0.11-win32-x86_64\bin\verify.dll
0x00007ffcd8ca0000 - 0x00007ffcd8ce4000 	C:\Users\f.legac\AppData\Roaming\Code\User\globalStorage\redhat.java\1.32.0\config_ss_win\org.eclipse.equinox.launcher\org.eclipse.equinox.launcher.win32.win32.x86_64_1.2.1100.v20240613-2013\eclipse_11903.dll
0x00007ffcf7120000 - 0x00007ffcf72bf000 	C:\windows\System32\ole32.dll

dbghelp: loaded successfully - version: 4.0.5 - missing functions: none
symbol engine: initialized successfully - sym options: 0x614 - pdb path: .;c:\Users\f.legac\.vscode\extensions\redhat.java-1.32.0-win32-x64\jre\17.0.11-win32-x86_64\bin;C:\windows\SYSTEM32;C:\windows\WinSxS\amd64_microsoft.windows.common-controls_6595b64144ccf1df_6.0.22621.3235_none_270f74e173860f98;c:\Users\f.legac\.vscode\extensions\redhat.java-1.32.0-win32-x64\jre\17.0.11-win32-x86_64\bin\server;C:\Users\f.legac\AppData\Roaming\Code\User\globalStorage\redhat.java\1.32.0\config_ss_win\org.eclipse.equinox.launcher\org.eclipse.equinox.launcher.win32.win32.x86_64_1.2.1100.v20240613-2013

VM Arguments:
jvm_args: --add-modules=ALL-SYSTEM --add-opens=java.base/java.util=ALL-UNNAMED --add-opens=java.base/java.lang=ALL-UNNAMED --add-opens=java.base/sun.nio.fs=ALL-UNNAMED -Declipse.application=org.eclipse.jdt.ls.core.id1 -Dosgi.bundles.defaultStartLevel=4 -Declipse.product=org.eclipse.jdt.ls.core.product -Djava.import.generatesMetadataFilesAtProjectRoot=false -DDetectVMInstallationsJob.disabled=true -Dfile.encoding=utf8 -XX:+UseParallelGC -XX:GCTimeRatio=4 -XX:AdaptiveSizePolicyWeight=90 -Dsun.zip.disableMemoryMapping=true -Xmx1G -Xms100m -Xlog:disable -javaagent:c:\Users\f.legac\.vscode\extensions\redhat.java-1.32.0-win32-x64\lombok\lombok-1.18.33.jar 
java_command: c:\Users\f.legac\.vscode\extensions\redhat.java-1.32.0-win32-x64\server\plugins\org.eclipse.equinox.launcher_1.6.900.v20240613-2009.jar -configuration c:\Users\f.legac\AppData\Roaming\Code\User\globalStorage\redhat.java\1.32.0\config_ss_win -data c:\Users\f.legac\AppData\Roaming\Code\User\workspaceStorage\45438acd4d814352896f5905068bdac3\redhat.java\ss_ws --pipe=\\.\pipe\lsp-d1565e0a461828591ec87570db64a35f-sock
java_class_path (initial): c:\Users\f.legac\.vscode\extensions\redhat.java-1.32.0-win32-x64\server\plugins\org.eclipse.equinox.launcher_1.6.900.v20240613-2009.jar
Launcher Type: SUN_STANDARD

[Global flags]
    uintx AdaptiveSizePolicyWeight                 = 90                                        {product} {command line}
     intx CICompilerCount                          = 4                                         {product} {ergonomic}
    uintx GCTimeRatio                              = 4                                         {product} {command line}
   size_t InitialHeapSize                          = 104857600                                 {product} {command line}
   size_t MaxHeapSize                              = 1073741824                                {product} {command line}
   size_t MaxNewSize                               = 357564416                                 {product} {ergonomic}
   size_t MinHeapDeltaBytes                        = 524288                                    {product} {ergonomic}
   size_t MinHeapSize                              = 104857600                                 {product} {command line}
   size_t NewSize                                  = 34603008                                  {product} {ergonomic}
    uintx NonNMethodCodeHeapSize                   = 5839372                                {pd product} {ergonomic}
    uintx NonProfiledCodeHeapSize                  = 122909434                              {pd product} {ergonomic}
   size_t OldSize                                  = 70254592                                  {product} {ergonomic}
    uintx ProfiledCodeHeapSize                     = 122909434                              {pd product} {ergonomic}
    uintx ReservedCodeCacheSize                    = 251658240                              {pd product} {ergonomic}
     bool SegmentedCodeCache                       = true                                      {product} {ergonomic}
   size_t SoftMaxHeapSize                          = 1073741824                             {manageable} {ergonomic}
     bool UseCompressedClassPointers               = true                           {product lp64_product} {ergonomic}
     bool UseCompressedOops                        = true                           {product lp64_product} {ergonomic}
     bool UseLargePagesIndividualAllocation        = false                                  {pd product} {ergonomic}
     bool UseParallelGC                            = true                                      {product} {command line}

Logging:
Log output configuration:
 #0: stdout all=off uptime,level,tags
 #1: stderr all=off uptime,level,tags

Environment Variables:
PATH=C:\Program Files\Eclipse Adoptium\jdk-21.0.2.13-hotspot\bin;C:\windows\system32;C:\windows;C:\windows\System32\Wbem;C:\windows\System32\WindowsPowerShell\v1.0\;C:\windows\System32\OpenSSH\;C:\ProgramData\chocolatey\bin;C:\Program Files\dotnet\;C:\Program Files (x86)\Microsoft SQL Server\160\Tools\Binn\;C:\Program Files\Microsoft SQL Server\160\Tools\Binn\;C:\Program Files\Microsoft SQL Server\Client SDK\ODBC\170\Tools\Binn\;C:\Program Files\Microsoft SQL Server\160\DTS\Binn\;C:\Program Files (x86)\Microsoft SQL Server\160\DTS\Binn\;C:\Program Files\apache-maven-3.9.6\bin;C:\Program Files\MongoDB\Server\7.0\bin;%NVM_HOME%;%NVM_SYMLINK%;C:\Program Files\nodejs\;C:\Program Files\Docker\Docker\resources\bin;C:\Users\f.legac\AppData\Local\Programs\Python\Python312\Scripts\;C:\Users\f.legac\AppData\Local\Programs\Python\Python312\;C:\Users\f.legac\AppData\Local\Programs\Python\Launcher\;C:\Users\f.legac\AppData\Local\Microsoft\WindowsApps;C:\Users\f.legac\AppData\Local\Programs\Microsoft VS Code\bin;C:\Users\f.legac\AppData\Local\Programs\mongosh\;C:\Users\f.legac\AppData\Roaming\npm;C:\Users\f.legac\AppData\Local\Programs\Git\cmd
USERNAME=f.legac
OS=Windows_NT
PROCESSOR_IDENTIFIER=Intel64 Family 6 Model 154 Stepping 4, GenuineIntel
TMP=C:\Users\F0D6B~1.LEG\AppData\Local\Temp
TEMP=C:\Users\F0D6B~1.LEG\AppData\Local\Temp



Periodic native trim disabled


---------------  S Y S T E M  ---------------

OS:
 Windows 11 , 64 bit Build 22621 (10.0.22621.3235)
OS uptime: 14 days 8:00 hours
Hyper-V role detected

CPU: total 12 (initial active 12) (6 cores per cpu, 2 threads per core) family 6 model 154 stepping 4 microcode 0x433, cx8, cmov, fxsr, ht, mmx, 3dnowpref, sse, sse2, sse3, ssse3, sse4.1, sse4.2, popcnt, lzcnt, tsc, tscinvbit, avx, avx2, aes, erms, clmul, bmi1, bmi2, adx, sha, fma, vzeroupper, clflush, clflushopt, clwb, hv
Processor Information for processor 0
  Max Mhz: 1700, Current Mhz: 1700, Mhz Limit: 1700
Processor Information for processor 1
  Max Mhz: 1700, Current Mhz: 1700, Mhz Limit: 1700
Processor Information for processor 2
  Max Mhz: 1700, Current Mhz: 1700, Mhz Limit: 1700
Processor Information for processor 3
  Max Mhz: 1700, Current Mhz: 1700, Mhz Limit: 1700
Processor Information for processor 4
  Max Mhz: 1700, Current Mhz: 1200, Mhz Limit: 1190
Processor Information for processor 5
  Max Mhz: 1700, Current Mhz: 1200, Mhz Limit: 1190
Processor Information for processor 6
  Max Mhz: 1700, Current Mhz: 1200, Mhz Limit: 1190
Processor Information for processor 7
  Max Mhz: 1700, Current Mhz: 1200, Mhz Limit: 1190
Processor Information for processor 8
  Max Mhz: 1700, Current Mhz: 1200, Mhz Limit: 1190
Processor Information for processor 9
  Max Mhz: 1700, Current Mhz: 1200, Mhz Limit: 1190
Processor Information for processor 10
  Max Mhz: 1700, Current Mhz: 1200, Mhz Limit: 1190
Processor Information for processor 11
  Max Mhz: 1700, Current Mhz: 1200, Mhz Limit: 1190

Memory: 4k page, system-wide physical 16068M (928M free)
TotalPageFile size 65220M (AvailPageFile size 1M)
current process WorkingSet (physical memory assigned to process): 127M, peak: 127M
current process commit charge ("private bytes"): 241M, peak: 241M

vm_info: OpenJDK 64-Bit Server VM (17.0.11+9) for windows-amd64 JRE (17.0.11+9), built on Apr 17 2024 06:07:48 by "admin" with MS VC++ 16.10 / 16.11 (VS2019)

END.
